Arguments: 
  /Users/aguerra/.nvm/versions/node/v10.16.2/bin/node /usr/local/Cellar/yarn/1.13.0/libexec/bin/yarn.js add eslint estlint-plugin-react eslint-config-prettier prettier --dev

PATH: 
  /Users/aguerra/Downloads/google-cloud-sdk/bin:/Users/aguerra/anaconda3/bin:/Users/aguerra/anaconda3/condabin:/Users/aguerra/.nvm/versions/node/v10.16.2/bin:/Users/aguerra/bin:/usr/local/mysql/bin:/Users/aguerra/.local/bin:/usr/local/bin:/usr/bin:/bin:/usr/sbin:/sbin:/Applications/VMware Fusion.app/Contents/Public

Yarn version: 
  1.13.0

Node version: 
  10.16.2

Platform: 
  darwin x64

Trace: 
  Error: https://registry.yarnpkg.com/estlint-plugin-react: Not found
      at Request.params.callback [as _callback] (/usr/local/Cellar/yarn/1.13.0/libexec/lib/cli.js:66255:18)
      at Request.self.callback (/usr/local/Cellar/yarn/1.13.0/libexec/lib/cli.js:129397:22)
      at Request.emit (events.js:198:13)
      at Request.<anonymous> (/usr/local/Cellar/yarn/1.13.0/libexec/lib/cli.js:130369:10)
      at Request.emit (events.js:198:13)
      at IncomingMessage.<anonymous> (/usr/local/Cellar/yarn/1.13.0/libexec/lib/cli.js:130291:12)
      at Object.onceWrapper (events.js:286:20)
      at IncomingMessage.emit (events.js:203:15)
      at endReadableNT (_stream_readable.js:1145:12)
      at process._tickCallback (internal/process/next_tick.js:63:19)

npm manifest: 
  {
    "name": "votingVega2",
    "private": true,
    "scripts": {
      "start": "meteor run",
      "test": "meteor test --once --driver-package meteortesting:mocha",
      "test-app": "TEST_WATCH=1 meteor test --full-app --driver-package meteortesting:mocha",
      "visualize": "meteor --production --extra-packages bundle-visualizer"
    },
    "dependencies": {
      "@babel/runtime": "^7.3.4",
      "meteor-node-stubs": "^0.4.1",
      "react": "^16.5.0",
      "react-dom": "^16.5.0"
    },
    "meteor": {
      "mainModule": {
        "client": "client/main.jsx",
        "server": "server/main.js"
      },
      "testModule": "tests/main.js"
    }
  }

yarn manifest: 
  No manifest

Lockfile: 
  No lockfile
